09-Nov-2023 22:17:02.707 INFO [main] org.apache.catalina.startup.VersionLoggerListener.log Server version name:   Apache Tomcat/10.1.15
09-Nov-2023 22:17:02.707 INFO [main] org.apache.catalina.startup.VersionLoggerListener.log Server built:          Oct 11 2023 23:38:40 UTC
09-Nov-2023 22:17:02.707 INFO [main] org.apache.catalina.startup.VersionLoggerListener.log Server version number: 10.1.15.0
09-Nov-2023 22:17:02.707 INFO [main] org.apache.catalina.startup.VersionLoggerListener.log OS Name:               Windows 10
09-Nov-2023 22:17:02.707 INFO [main] org.apache.catalina.startup.VersionLoggerListener.log OS Version:            10.0
09-Nov-2023 22:17:02.707 INFO [main] org.apache.catalina.startup.VersionLoggerListener.log Architecture:          amd64
09-Nov-2023 22:17:02.707 INFO [main] org.apache.catalina.startup.VersionLoggerListener.log Java Home:             C:\Program Files\Java\jdk-11.0.8
09-Nov-2023 22:17:02.707 INFO [main] org.apache.catalina.startup.VersionLoggerListener.log JVM Version:           11.0.8+10-LTS
09-Nov-2023 22:17:02.707 INFO [main] org.apache.catalina.startup.VersionLoggerListener.log JVM Vendor:            Oracle Corporation
09-Nov-2023 22:17:02.707 INFO [main] org.apache.catalina.startup.VersionLoggerListener.log CATALINA_BASE:         D:\Ambiente\tomcat\apache-tomcat-10.1.15
09-Nov-2023 22:17:02.707 INFO [main] org.apache.catalina.startup.VersionLoggerListener.log CATALINA_HOME:         D:\Ambiente\tomcat\apache-tomcat-10.1.15
09-Nov-2023 22:17:02.754 INFO [main] org.apache.catalina.startup.VersionLoggerListener.log Command line argument: -Djava.util.logging.config.file=D:\Ambiente\tomcat\apache-tomcat-10.1.15\conf\logging.properties
09-Nov-2023 22:17:02.755 INFO [main] org.apache.catalina.startup.VersionLoggerListener.log Command line argument: -Djava.util.logging.manager=org.apache.juli.ClassLoaderLogManager
09-Nov-2023 22:17:02.755 INFO [main] org.apache.catalina.startup.VersionLoggerListener.log Command line argument: -Djdk.tls.ephemeralDHKeySize=2048
09-Nov-2023 22:17:02.755 INFO [main] org.apache.catalina.startup.VersionLoggerListener.log Command line argument: -Djava.protocol.handler.pkgs=org.apache.catalina.webresources
09-Nov-2023 22:17:02.755 INFO [main] org.apache.catalina.startup.VersionLoggerListener.log Command line argument: --add-opens=java.base/java.lang=ALL-UNNAMED
09-Nov-2023 22:17:02.757 INFO [main] org.apache.catalina.startup.VersionLoggerListener.log Command line argument: --add-opens=java.base/java.io=ALL-UNNAMED
09-Nov-2023 22:17:02.757 INFO [main] org.apache.catalina.startup.VersionLoggerListener.log Command line argument: --add-opens=java.base/java.util=ALL-UNNAMED
09-Nov-2023 22:17:02.757 INFO [main] org.apache.catalina.startup.VersionLoggerListener.log Command line argument: --add-opens=java.base/java.util.concurrent=ALL-UNNAMED
09-Nov-2023 22:17:02.757 INFO [main] org.apache.catalina.startup.VersionLoggerListener.log Command line argument: --add-opens=java.rmi/sun.rmi.transport=ALL-UNNAMED
09-Nov-2023 22:17:02.757 INFO [main] org.apache.catalina.startup.VersionLoggerListener.log Command line argument: -Dcatalina.base=D:\Ambiente\tomcat\apache-tomcat-10.1.15
09-Nov-2023 22:17:02.757 INFO [main] org.apache.catalina.startup.VersionLoggerListener.log Command line argument: -Dcatalina.home=D:\Ambiente\tomcat\apache-tomcat-10.1.15
09-Nov-2023 22:17:02.758 INFO [main] org.apache.catalina.startup.VersionLoggerListener.log Command line argument: -Djava.io.tmpdir=D:\Ambiente\tomcat\apache-tomcat-10.1.15\temp
09-Nov-2023 22:17:02.759 INFO [main] org.apache.catalina.core.AprLifecycleListener.lifecycleEvent Loaded Apache Tomcat Native library [2.0.6] using APR version [1.7.4].
09-Nov-2023 22:17:02.759 INFO [main] org.apache.catalina.core.AprLifecycleListener.initializeSSL OpenSSL successfully initialized [OpenSSL 3.0.11 19 Sep 2023]
09-Nov-2023 22:17:03.107 INFO [main] org.apache.coyote.AbstractProtocol.init Initializing ProtocolHandler ["http-nio-8080"]
09-Nov-2023 22:17:03.154 INFO [main] org.apache.catalina.startup.Catalina.load Server initialization in [730] milliseconds
09-Nov-2023 22:17:03.214 INFO [main] org.apache.catalina.core.StandardService.startInternal Starting service [Catalina]
09-Nov-2023 22:17:03.214 INFO [main] org.apache.catalina.core.StandardEngine.startInternal Starting Servlet engine: [Apache Tomcat/10.1.15]
09-Nov-2023 22:17:03.229 INFO [main] org.apache.catalina.startup.HostConfig.deployDirectory Diretório de instalação da aplicação web [D:\Ambiente\tomcat\apache-tomcat-10.1.15\webapps\docs]
09-Nov-2023 22:17:04.242 WARNING [main] org.apache.catalina.util.SessionIdGeneratorBase.createSecureRandom Creation of SecureRandom instance for session ID generation using [SHA1PRNG] took [476] milliseconds.
09-Nov-2023 22:17:04.278 INFO [main] org.apache.catalina.startup.HostConfig.deployDirectory Deployment of web application directory [D:\Ambiente\tomcat\apache-tomcat-10.1.15\webapps\docs] has finished in [1.049] ms
09-Nov-2023 22:17:04.278 INFO [main] org.apache.catalina.startup.HostConfig.deployDirectory Diretório de instalação da aplicação web [D:\Ambiente\tomcat\apache-tomcat-10.1.15\webapps\examples]
09-Nov-2023 22:17:05.155 INFO [main] org.apache.catalina.startup.HostConfig.deployDirectory Deployment of web application directory [D:\Ambiente\tomcat\apache-tomcat-10.1.15\webapps\examples] has finished in [877] ms
09-Nov-2023 22:17:05.155 INFO [main] org.apache.catalina.startup.HostConfig.deployDirectory Diretório de instalação da aplicação web [D:\Ambiente\tomcat\apache-tomcat-10.1.15\webapps\host-manager]
09-Nov-2023 22:17:05.190 INFO [main] org.apache.catalina.startup.HostConfig.deployDirectory Deployment of web application directory [D:\Ambiente\tomcat\apache-tomcat-10.1.15\webapps\host-manager] has finished in [35] ms
09-Nov-2023 22:17:05.190 INFO [main] org.apache.catalina.startup.HostConfig.deployDirectory Diretório de instalação da aplicação web [D:\Ambiente\tomcat\apache-tomcat-10.1.15\webapps\manager]
09-Nov-2023 22:17:05.220 INFO [main] org.apache.catalina.startup.HostConfig.deployDirectory Deployment of web application directory [D:\Ambiente\tomcat\apache-tomcat-10.1.15\webapps\manager] has finished in [30] ms
09-Nov-2023 22:17:05.220 INFO [main] org.apache.catalina.startup.HostConfig.deployDirectory Diretório de instalação da aplicação web [D:\Ambiente\tomcat\apache-tomcat-10.1.15\webapps\ROOT]
09-Nov-2023 22:17:05.234 INFO [main] org.apache.catalina.startup.HostConfig.deployDirectory Deployment of web application directory [D:\Ambiente\tomcat\apache-tomcat-10.1.15\webapps\ROOT] has finished in [14] ms
09-Nov-2023 22:17:05.250 INFO [main] org.apache.coyote.AbstractProtocol.start Starting ProtocolHandler ["http-nio-8080"]
09-Nov-2023 22:17:05.799 INFO [main] org.apache.catalina.startup.Catalina.start Server startup in [2646] milliseconds
09-Nov-2023 22:17:48.958 INFO [main] org.apache.catalina.core.StandardServer.await A valid shutdown command was received via the shutdown port. Stopping the Server instance.
09-Nov-2023 22:17:48.961 INFO [main] org.apache.coyote.AbstractProtocol.pause Pausing ProtocolHandler ["http-nio-8080"]
09-Nov-2023 22:17:49.727 INFO [main] org.apache.catalina.core.StandardService.stopInternal Stopping service [Catalina]
09-Nov-2023 22:17:49.762 INFO [main] org.apache.coyote.AbstractProtocol.stop Stopping ProtocolHandler ["http-nio-8080"]
09-Nov-2023 22:17:49.777 INFO [main] org.apache.coyote.AbstractProtocol.destroy Destroying ProtocolHandler ["http-nio-8080"]
